0	0	5.83527e+06	1	CON
1	0	4.51241e+06	1	NDP
2	1	2.91764e+06	1	CON
3	0	2.78308e+06	1	LIB
4	1	2.25621e+06	1	NDP
5	2	1.94509e+06	1	CON
6	2	1.50414e+06	1	NDP
7	3	1.45882e+06	1	CON
8	1	1.39154e+06	1	LIB
9	4	1.16705e+06	1	CON
10	3	1.1281e+06	1	NDP
11	5	972545	1	CON
12	2	927692	1	LIB
13	4	902482	1	NDP
14	0	891425	1	BlQ
15	6	833610	1	CON
16	5	752068	1	NDP
17	7	729409	1	CON
18	3	695769	1	LIB
19	8	648363	1	CON
20	6	644630	1	NDP
21	9	583527	1	CON
22	0	572095	1	GRN
23	7	564051	1	NDP
24	4	556615	1	LIB
25	10	530479	1	CON
26	8	501379	1	NDP
27	11	486272	1	CON
28	5	463846	1	LIB
29	9	451241	1	NDP
30	12	448867	1	CON
31	1	445712	1	BlQ
32	13	416805	1	CON
33	10	410219	1	NDP
34	6	397582	1	LIB
35	14	389018	1	CON
36	11	376034	1	NDP
37	15	364704	1	CON
38	7	347884	1	LIB
39	12	347109	1	NDP
40	16	343251	1	CON
41	17	324182	1	CON
42	13	322315	1	NDP
43	8	309231	1	LIB
44	18	307119	1	CON
45	14	300827	1	NDP
46	2	297142	1	BlQ
47	19	291764	1	CON
48	15	282026	1	NDP
49	9	278308	1	LIB
50	20	277870	1	CON
51	16	265436	1	NDP
52	21	265240	1	CON
53	22	253707	1	CON
54	10	253007	1	LIB
55	17	250690	1	NDP
56	23	243136	1	CON
57	18	237495	1	NDP
58	24	233411	1	CON
59	11	231923	1	LIB
60	19	225621	1	NDP
61	25	224433	1	CON
62	3	222856	1	BlQ
63	26	216121	1	CON
64	20	214877	1	NDP
65	12	214083	1	LIB
66	27	208402	1	CON
67	21	205110	1	NDP
68	28	201216	1	CON
69	13	198791	1	LIB
70	22	196192	1	NDP
71	29	194509	1	CON
72	30	188235	1	CON
73	23	188017	1	NDP
74	14	185538	1	LIB
75	31	182352	1	CON
76	24	180496	1	NDP
77	32	176826	1	CON
78	15	173942	1	LIB
79	25	173554	1	NDP
80	33	171626	1	CON
81	26	167126	1	NDP
82	34	166722	1	CON
83	16	163710	1	LIB
84	35	162091	1	CON
85	27	161158	1	NDP
86	36	157710	1	CON
87	28	155600	1	NDP
88	17	154615	1	LIB
89	37	153560	1	CON
90	29	150414	1	NDP
91	38	149622	1	CON
92	18	146478	1	LIB
93	39	145882	1	CON
94	30	145562	1	NDP
95	40	142324	1	CON
96	31	141013	1	NDP
97	19	139154	1	LIB
98	41	138935	1	CON
99	32	136740	1	NDP
100	42	135704	1	CON
101	33	132718	1	NDP
102	43	132620	1	CON
103	20	132527	1	LIB
104	44	129673	1	CON
105	34	128926	1	NDP
106	45	126854	1	CON
107	21	126503	1	LIB
108	35	125345	1	NDP
109	46	124155	1	CON
110	36	121957	1	NDP
111	47	121568	1	CON
112	22	121003	1	LIB
113	48	119087	1	CON
114	37	118748	1	NDP
115	49	116705	1	CON
116	23	115962	1	LIB
117	38	115703	1	NDP
118	50	114417	1	CON
119	39	112810	1	NDP
120	51	112217	1	CON
121	24	111323	1	LIB
122	52	110099	1	CON
123	40	110059	1	NDP
124	53	108061	1	CON
125	41	107438	1	NDP
126	25	107041	1	LIB
127	54	106096	1	CON
128	42	104940	1	NDP
129	55	104201	1	CON
130	26	103077	1	LIB
131	43	102555	1	NDP
132	56	102373	1	CON
133	57	100608	1	CON
134	44	100276	1	NDP
135	27	99395.6	1	LIB
136	58	98902.9	1	CON
137	45	98095.9	1	NDP
138	59	97254.5	1	CON
139	46	96008.7	1	NDP
140	28	95968.1	1	LIB
141	60	95660.2	1	CON
142	61	94117.3	1	CON
143	47	94008.6	1	NDP
144	29	92769.2	1	LIB
145	62	92623.3	1	CON
146	48	92090	1	NDP
147	63	91176.1	1	CON
148	49	90248.2	1	NDP
149	30	89776.6	1	LIB
150	64	89773.4	1	CON
151	50	88478.6	1	NDP
152	65	88413.2	1	CON
153	66	87093.6	1	CON
154	31	86971.1	1	LIB
155	51	86777.1	1	NDP
156	67	85812.8	1	CON
157	52	85139.8	1	NDP
158	68	84569.1	1	CON
159	32	84335.6	1	LIB
160	53	83563.2	1	NDP
161	69	83361	1	CON
162	70	82186.9	1	CON
163	54	82043.8	1	NDP
164	33	81855.2	1	LIB
165	71	81045.4	1	CON
166	55	80578.8	1	NDP
167	72	79935.2	1	CON
168	56	79165.1	1	NDP
169	73	78855	1	CON
170	74	77803.6	1	CON
171	57	77800.2	1	NDP
172	75	76779.9	1	CON
173	58	76481.5	1	NDP
174	76	75782.7	1	CON
175	59	75206.9	1	NDP
176	77	74811.2	1	CON
177	60	73974	1	NDP
178	78	73864.2	1	CON
179	79	72940.9	1	CON
180	61	72780.8	1	NDP
181	80	72040.4	1	CON
182	62	71625.6	1	NDP
183	81	71161.8	1	CON
184	63	70506.4	1	NDP
185	82	70304.5	1	CON
186	83	69467.5	1	CON
187	64	69421.7	1	NDP
188	84	68650.2	1	CON
189	65	68369.9	1	NDP
190	85	67852	1	CON
191	66	67349.4	1	NDP
192	86	67072.1	1	CON
193	67	66359	1	NDP
194	87	66309.9	1	CON
195	88	65564.8	1	CON
196	68	65397.3	1	NDP
197	89	64836.3	1	CON
198	69	64463	1	NDP
199	90	64123.8	1	CON
200	70	63555.1	1	NDP
201	91	63426.8	1	CON
202	92	62744.8	1	CON
203	71	62672.4	1	NDP
204	93	62077.3	1	CON
205	72	61813.8	1	NDP
206	94	61423.9	1	CON
207	73	60978.5	1	NDP
208	95	60784.1	1	CON
209	74	60165.5	1	NDP
210	96	60157.4	1	CON
211	97	59543.6	1	CON
212	75	59373.8	1	NDP
213	98	58942.1	1	CON
214	76	58602.7	1	NDP
215	99	58352.7	1	CON
216	77	57851.4	1	NDP
217	100	57775	1	CON
218	101	57208.5	1	CON
219	78	57119.1	1	NDP
220	102	56653.1	1	CON
221	79	56405.1	1	NDP
222	103	56108.4	1	CON
223	80	55708.8	1	NDP
224	104	55574	1	CON
225	105	55049.7	1	CON
226	81	55029.4	1	NDP
227	106	54535.2	1	CON
228	82	54366.4	1	NDP
229	107	54030.3	1	CON
230	83	53719.2	1	NDP
231	108	53534.6	1	CON
232	84	53087.2	1	NDP
233	109	53047.9	1	CON
234	110	52570	1	CON
235	85	52469.9	1	NDP
236	111	52100.6	1	CON
237	86	51866.8	1	NDP
238	112	51639.6	1	CON
239	87	51277.4	1	NDP
240	113	51186.6	1	CON
241	114	50741.5	1	CON
242	88	50701.2	1	NDP
243	115	50304.1	1	CON
244	89	50137.9	1	NDP
245	116	49874.1	1	CON
246	90	49586.9	1	NDP
247	117	49451.4	1	CON
248	91	49047.9	1	NDP
249	118	49035.9	1	CON
250	119	48627.2	1	CON
251	92	48520.5	1	NDP
252	120	48225.4	1	CON
253	93	48004.4	1	NDP
254	121	47830.1	1	CON
255	94	47499.1	1	NDP
256	122	47441.2	1	CON
257	123	47058.6	1	CON
258	95	47004.3	1	NDP
259	124	46682.2	1	CON
260	96	46519.7	1	NDP
261	125	46311.7	1	CON
262	97	46045	1	NDP
263	126	45947	1	CON
264	127	45588	1	CON
265	98	45579.9	1	NDP
266	128	45234.7	1	CON
267	99	45124.1	1	NDP
268	129	44886.7	1	CON
269	100	44677.3	1	NDP
270	130	44544	1	CON
271	101	44239.3	1	NDP
272	131	44206.6	1	CON
273	132	43874.2	1	CON
274	102	43809.8	1	NDP
275	133	43546.8	1	CON
276	134	43224.2	1	CON
277	135	42906.4	1	CON
278	136	42593.2	1	CON
279	137	42284.6	1	CON
280	138	41980.4	1	CON
281	139	41680.5	1	CON
282	140	41384.9	1	CON
283	141	41093.5	1	CON
284	142	40806.1	1	CON
285	143	40522.7	1	CON
286	144	40243.2	1	CON
287	145	39967.6	1	CON
288	146	39695.7	1	CON
289	147	39427.5	1	CON
290	148	39162.9	1	CON
291	149	38901.8	1	CON
292	150	38644.2	1	CON
293	151	38389.9	1	CON
294	152	38139	1	CON
295	153	37891.4	1	CON
296	154	37646.9	1	CON
297	155	37405.6	1	CON
298	156	37167.3	1	CON
299	157	36932.1	1	CON
300	158	36699.8	1	CON
301	159	36470.4	1	CON
302	160	36243.9	1	CON
303	161	36020.2	1	CON
304	162	35799.2	1	CON
305	163	35580.9	1	CON
306	164	35365.3	1	CON
307	165	35152.2	1	CON
308	1	286048	0	GRN
309	2	190698	0	GRN
310	4	178285	0	BlQ
311	5	148571	0	BlQ
312	3	143024	0	GRN
313	0	129703	0	Oth
314	6	127346	0	BlQ
315	4	114419	0	GRN
316	7	111428	0	BlQ
317	0	99428	0	SPL
318	8	99047.2	0	BlQ
319	5	95349.2	0	GRN
320	9	89142.5	0	BlQ
321	6	81727.9	0	GRN
322	10	81038.6	0	BlQ
323	34	79516.5	0	LIB
324	35	77307.7	0	LIB
325	36	75218.3	0	LIB
326	11	74285.4	0	BlQ
327	37	73238.8	0	LIB
328	7	71511.9	0	GRN
329	38	71360.9	0	LIB
330	39	69576.9	0	LIB
331	12	68571.2	0	BlQ
332	40	67879.9	0	LIB
333	41	66263.7	0	LIB
334	1	64851.5	0	Oth
335	42	64722.7	0	LIB
336	13	63673.2	0	BlQ
337	8	63566.1	0	GRN
338	43	63251.7	0	LIB
339	44	61846.1	0	LIB
340	45	60501.7	0	LIB
341	14	59428.3	0	BlQ
342	46	59214.4	0	LIB
343	47	57980.8	0	LIB
344	9	57209.5	0	GRN
345	48	56797.5	0	LIB
346	15	55714.1	0	BlQ
347	49	55661.5	0	LIB
348	50	54570.1	0	LIB
349	51	53520.7	0	LIB
350	52	52510.9	0	LIB
351	16	52436.8	0	BlQ
352	10	52008.6	0	GRN
353	53	51538.4	0	LIB
354	54	50601.4	0	LIB
355	1	49714	0	SPL
356	55	49697.8	0	LIB
357	17	49523.6	0	BlQ
358	56	48825.9	0	LIB
359	57	47984.1	0	LIB
360	11	47674.6	0	GRN
361	58	47170.8	0	LIB
362	18	46917.1	0	BlQ
363	59	46384.6	0	LIB
364	60	45624.2	0	LIB
365	61	44888.3	0	LIB
366	19	44571.2	0	BlQ
367	62	44175.8	0	LIB
368	12	44007.3	0	GRN
369	63	43485.6	0	LIB
370	103	43388.6	0	NDP
371	2	43234.3	0	Oth
372	104	42975.3	0	NDP
373	64	42816.6	0	LIB
374	105	42569.9	0	NDP
375	20	42448.8	0	BlQ
376	106	42172.1	0	NDP
377	65	42167.8	0	LIB
378	107	41781.6	0	NDP
379	66	41538.4	0	LIB
380	108	41398.3	0	NDP
381	109	41021.9	0	NDP
382	67	40927.6	0	LIB
383	13	40863.9	0	GRN
384	110	40652.4	0	NDP
385	21	40519.3	0	BlQ
386	68	40334.4	0	LIB
387	111	40289.4	0	NDP
388	112	39932.8	0	NDP
389	69	39758.2	0	LIB
390	113	39582.6	0	NDP
391	114	39238.4	0	NDP
392	70	39198.3	0	LIB
393	115	38900.1	0	NDP
394	22	38757.6	0	BlQ
395	71	38653.8	0	LIB
396	116	38567.6	0	NDP
397	117	38240.8	0	NDP
398	14	38139.7	0	GRN
399	72	38124.3	0	LIB
400	118	37919.4	0	NDP
401	73	37609.1	0	LIB
402	119	37603.4	0	NDP
403	120	37292.7	0	NDP
404	23	37142.7	0	BlQ
405	74	37107.7	0	LIB
406	121	36987	0	NDP
407	122	36686.3	0	NDP
408	75	36619.4	0	LIB
409	123	36390.4	0	NDP
410	76	36143.8	0	LIB
411	124	36099.3	0	NDP
412	125	35812.8	0	NDP
413	15	35755.9	0	GRN
414	77	35680.5	0	LIB
415	24	35657	0	BlQ
416	126	35530.8	0	NDP
417	127	35253.2	0	NDP
418	78	35228.8	0	LIB
419	128	34979.9	0	NDP
420	166	34941.7	0	CON
421	79	34788.4	0	LIB
422	167	34733.8	0	CON
423	129	34710.9	0	NDP
424	168	34528.2	0	CON
425	130	34445.9	0	NDP
426	80	34359	0	LIB
427	169	34325.1	0	CON
428	25	34285.6	0	BlQ
429	131	34184.9	0	NDP
430	170	34124.4	0	CON
431	81	33940	0	LIB
432	132	33927.9	0	NDP
433	171	33926	0	CON
434	172	33729.9	0	CON
435	133	33674.7	0	NDP
436	16	33652.6	0	GRN
437	173	33536	0	CON
438	82	33531	0	LIB
439	134	33425.3	0	NDP
440	174	33344.4	0	CON
441	135	33179.5	0	NDP
442	175	33154.9	0	CON
443	2	33142.7	0	SPL
444	83	33131.9	0	LIB
445	26	33015.7	0	BlQ
446	176	32967.6	0	CON
447	136	32937.3	0	NDP
448	177	32782.4	0	CON
449	84	32742.1	0	LIB
450	137	32698.6	0	NDP
451	178	32599.3	0	CON
452	138	32463.4	0	NDP
453	3	32425.8	0	Oth
454	179	32418.2	0	CON
455	85	32361.3	0	LIB
456	180	32239.1	0	CON
457	139	32231.5	0	NDP
458	181	32061.9	0	CON
459	140	32002.9	0	NDP
460	86	31989.4	0	LIB
461	182	31886.7	0	CON
462	27	31836.6	0	BlQ
463	17	31783.1	0	GRN
464	141	31777.5	0	NDP
465	183	31713.4	0	CON
466	87	31625.9	0	LIB
467	142	31555.3	0	NDP
468	184	31542	0	CON
469	185	31372.4	0	CON
470	143	31336.2	0	NDP
471	88	31270.5	0	LIB
472	186	31204.7	0	CON
473	144	31120.1	0	NDP
474	187	31038.7	0	CON
475	89	30923.1	0	LIB
476	145	30906.9	0	NDP
477	188	30874.4	0	CON
478	28	30738.8	0	BlQ
479	189	30711.9	0	CON
480	146	30696.7	0	NDP
481	90	30583.3	0	LIB
482	190	30551.2	0	CON
483	147	30489.3	0	NDP
484	191	30392	0	CON
485	148	30284.6	0	NDP
486	91	30250.8	0	LIB
487	192	30234.6	0	CON
488	18	30110.3	0	GRN
489	149	30082.7	0	NDP
490	193	30078.7	0	CON
491	92	29925.5	0	LIB
492	194	29924.5	0	CON
493	150	29883.5	0	NDP
494	195	29771.8	0	CON
495	29	29714.2	0	BlQ
496	151	29686.9	0	NDP
497	196	29620.7	0	CON
498	93	29607.2	0	LIB
499	152	29492.9	0	NDP
500	197	29471.1	0	CON
501	198	29323	0	CON
502	153	29301.4	0	NDP
503	94	29295.5	0	LIB
504	199	29176.3	0	CON
505	154	29112.3	0	NDP
506	200	29031.2	0	CON
507	95	28990.4	0	LIB
508	155	28925.7	0	NDP
509	201	28887.5	0	CON
510	30	28755.6	0	BlQ
511	202	28745.2	0	CON
512	156	28741.5	0	NDP
513	96	28691.5	0	LIB
514	19	28604.8	0	GRN
515	203	28604.3	0	CON
516	157	28559.6	0	NDP
517	204	28464.7	0	CON
518	97	28398.7	0	LIB
519	158	28379.9	0	NDP
520	205	28326.6	0	CON
521	159	28202.6	0	NDP
522	206	28189.7	0	CON
523	98	28111.9	0	LIB
524	207	28054.2	0	CON
525	160	28027.4	0	NDP
526	208	27920	0	CON
527	31	27857	0	BlQ
528	161	27854.4	0	NDP
529	99	27830.8	0	LIB
530	209	27787	0	CON
531	162	27683.5	0	NDP
532	210	27655.3	0	CON
533	100	27555.2	0	LIB
534	211	27524.9	0	CON
535	163	27514.7	0	NDP
536	212	27395.6	0	CON
537	164	27347.9	0	NDP
538	101	27285.1	0	LIB
539	213	27267.6	0	CON
540	20	27242.6	0	GRN
541	165	27183.2	0	NDP
542	214	27140.8	0	CON
543	166	27020.4	0	NDP
544	102	27020.2	0	LIB
545	215	27015.1	0	CON
546	32	27012.9	0	BlQ
547	216	26890.6	0	CON
548	167	26859.6	0	NDP
549	217	26767.3	0	CON
550	103	26760.3	0	LIB
551	168	26700.7	0	NDP
552	218	26645.1	0	CON
553	169	26543.6	0	NDP
554	219	26524	0	CON
555	104	26505.5	0	LIB
556	220	26403.9	0	CON
557	170	26388.4	0	NDP
558	221	26285	0	CON
559	105	26255.4	0	LIB
560	171	26234.9	0	NDP
561	33	26218.4	0	BlQ
562	222	26167.1	0	CON
563	172	26083.3	0	NDP
564	223	26050.3	0	CON
565	106	26010.1	0	LIB
566	21	26004.3	0	GRN
567	4	25940.6	0	Oth
568	224	25934.5	0	CON
569	173	25933.4	0	NDP
570	225	25819.8	0	CON
571	174	25785.2	0	NDP
572	107	25769.2	0	LIB
573	226	25706	0	CON
574	175	25638.7	0	NDP
575	227	25593.3	0	CON
576	108	25532.8	0	LIB
577	176	25493.8	0	NDP
578	228	25481.5	0	CON
579	34	25469.3	0	BlQ
580	229	25370.7	0	CON
581	177	25350.6	0	NDP
582	109	25300.7	0	LIB
583	230	25260.9	0	CON
584	178	25209	0	NDP
585	231	25152	0	CON
586	110	25072.8	0	LIB
587	179	25069	0	NDP
588	232	25044.1	0	CON
589	233	24937.1	0	CON
590	180	24930.4	0	NDP
591	22	24873.7	0	GRN
592	3	24857	0	SPL
593	111	24848.9	0	LIB
594	234	24830.9	0	CON
595	181	24793.5	0	NDP
596	35	24761.8	0	BlQ
597	235	24725.7	0	CON
598	182	24658	0	NDP
599	112	24629	0	LIB
600	236	24621.4	0	CON
601	183	24524	0	NDP
602	237	24517.9	0	CON
603	238	24415.4	0	CON
604	113	24412.9	0	LIB
605	184	24391.4	0	NDP
606	239	24313.6	0	CON
607	185	24260.3	0	NDP
608	240	24212.7	0	CON
609	114	24200.7	0	LIB
610	186	24130.5	0	NDP
611	241	24112.7	0	CON
612	36	24092.6	0	BlQ
613	242	24013.5	0	CON
614	187	24002.2	0	NDP
615	115	23992	0	LIB
